<?xml version="1.0" encoding="UTF-8"?>
<!-- Generated by org.testng.reporters.JUnitReportReporter -->
<testsuite skipped="0" hostname="gl05254m.gamesys.corp" name="com.gamesys.suiterunner.SuiteRunner" tests="2" failures="0" timestamp="23 Oct 2018 14:51:51 GMT" time="9.183" errors="0">
  <testcase name="feature" time="6.400" classname="com.gamesys.suiterunner.SuiteRunner"/>
  <testcase name="feature" time="2.783" classname="com.gamesys.suiterunner.SuiteRunner"/>
</testsuite> <!-- com.gamesys.suiterunner.SuiteRunner -->
